<?xml version="1.0" encoding="utf-8"?>
<coverage line-rate="0.7225" branch-rate="0.6990000000000001" version="1.9" timestamp="1721770060" lines-covered="461" lines-valid="638" branches-covered="72" branches-valid="103">
  <sources>
    <source>C:\Users\LeorGoldberg\Documents\Projects\PingBoard\backend\PingBoard\</source>
  </sources>
  <packages>
    <package name="PingBoard" line-rate="0.7225" branch-rate="0.6990000000000001" complexity="178">
      <classes>
        <class name="PingBoard.Services.PingMonitoringJobManager" filename="Services\PingMonitoringJobManager.cs" line-rate="0" branch-rate="0" complexity="8">
          <methods>
            <method name="IsPinging" signature="()" line-rate="0" branch-rate="1" complexity="1">
              <lines>
                <line number="70" hits="0" branch="False" />
                <line number="72" hits="0" branch="False" />
                <line number="73" hits="0" branch="False" />
                <line number="75" hits="0" branch="False" />
              </lines>
            </method>
            <method name="StartPinging" signature="(System.String)" line-rate="0" branch-rate="0" complexity="2">
              <lines>
                <line number="78" hits="0" branch="False" />
                <line number="79" hits="0" branch="False" />
                <line number="80" hits="0" branch="False" />
                <line number="81" hits="0" branch="False" />
                <line number="83" hits="0" branch="True" condition-coverage="0% (0/2)">
                  <conditions>
                    <condition number="61" type="jump" coverage="0%" />
                  </conditions>
                </line>
                <line number="84" hits="0" branch="False" />
                <line number="85" hits="0" branch="False" />
                <line number="86" hits="0" branch="False" />
                <line number="89" hits="0" branch="False" />
                <line number="91" hits="0" branch="False" />
                <line number="92" hits="0" branch="False" />
                <line number="93" hits="0" branch="False" />
              </lines>
            </method>
            <method name="StopPinging" signature="()" line-rate="0" branch-rate="0" complexity="2">
              <lines>
                <line number="96" hits="0" branch="False" />
                <line number="97" hits="0" branch="False" />
                <line number="98" hits="0" branch="False" />
                <line number="99" hits="0" branch="False" />
                <line number="100" hits="0" branch="True" condition-coverage="0% (0/2)">
                  <conditions>
                    <condition number="55" type="jump" coverage="0%" />
                  </conditions>
                </line>
                <line number="101" hits="0" branch="False" />
                <line number="102" hits="0" branch="False" />
                <line number="103" hits="0" branch="False" />
                <line number="104" hits="0" branch="False" />
                <line number="105" hits="0" branch="False" />
                <line number="106" hits="0" branch="False" />
              </lines>
            </method>
            <method name="ResetJobRunner" signature="()" line-rate="0" branch-rate="0" complexity="2">
              <lines>
                <line number="109" hits="0" branch="False" />
                <line number="110" hits="0" branch="False" />
                <line number="111" hits="0" branch="False" />
                <line number="112" hits="0" branch="False" />
                <line number="114" hits="0" branch="True" condition-coverage="0% (0/2)">
                  <conditions>
                    <condition number="55" type="jump" coverage="0%" />
                  </conditions>
                </line>
                <line number="115" hits="0" branch="False" />
                <line number="116" hits="0" branch="False" />
                <line number="117" hits="0" branch="False" />
                <line number="118" hits="0" branch="False" />
                <line number="119" hits="0" branch="False" />
                <line number="120" hits="0" branch="False" />
                <line number="121" hits="0" branch="False" />
                <line number="122" hits="0" branch="False" />
              </lines>
            </method>
            <method name=".ctor" signature="(System.Func`2&lt;System.String,PingBoard.Services.PingMonitoringJobRunner&gt;,Microsoft.Extensions.Logging.ILogger`1&lt;PingBoard.Services.PingMonitoringJobManager&gt;)" line-rate="0" branch-rate="1" complexity="1">
              <lines>
                <line number="8" hits="0" branch="False" />
                <line number="9" hits="0" branch="False" />
                <line number="11" hits="0" branch="False" />
                <line number="12" hits="0" branch="False" />
                <line number="13" hits="0" branch="False" />
                <line number="14" hits="0" branch="False" />
                <line number="15" hits="0" branch="False" />
                <line number="16" hits="0" branch="False" />
              </lines>
            </method>
          </methods>
          <lines>
            <line number="70" hits="0" branch="False" />
            <line number="72" hits="0" branch="False" />
            <line number="73" hits="0" branch="False" />
            <line number="75" hits="0" branch="False" />
            <line number="78" hits="0" branch="False" />
            <line number="79" hits="0" branch="False" />
            <line number="80" hits="0" branch="False" />
            <line number="81" hits="0" branch="False" />
            <line number="83" hits="0" branch="True" condition-coverage="0% (0/2)">
              <conditions>
                <condition number="61" type="jump" coverage="0%" />
              </conditions>
            </line>
            <line number="84" hits="0" branch="False" />
            <line number="85" hits="0" branch="False" />
            <line number="86" hits="0" branch="False" />
            <line number="89" hits="0" branch="False" />
            <line number="91" hits="0" branch="False" />
            <line number="92" hits="0" branch="False" />
            <line number="93" hits="0" branch="False" />
            <line number="96" hits="0" branch="False" />
            <line number="97" hits="0" branch="False" />
            <line number="98" hits="0" branch="False" />
            <line number="99" hits="0" branch="False" />
            <line number="100" hits="0" branch="True" condition-coverage="0% (0/2)">
              <conditions>
                <condition number="55" type="jump" coverage="0%" />
              </conditions>
            </line>
            <line number="101" hits="0" branch="False" />
            <line number="102" hits="0" branch="False" />
            <line number="103" hits="0" branch="False" />
            <line number="104" hits="0" branch="False" />
            <line number="105" hits="0" branch="False" />
            <line number="106" hits="0" branch="False" />
            <line number="109" hits="0" branch="False" />
            <line number="110" hits="0" branch="False" />
            <line number="111" hits="0" branch="False" />
            <line number="112" hits="0" branch="False" />
            <line number="114" hits="0" branch="True" condition-coverage="0% (0/2)">
              <conditions>
                <condition number="55" type="jump" coverage="0%" />
              </conditions>
            </line>
            <line number="115" hits="0" branch="False" />
            <line number="116" hits="0" branch="False" />
            <line number="117" hits="0" branch="False" />
            <line number="118" hits="0" branch="False" />
            <line number="119" hits="0" branch="False" />
            <line number="120" hits="0" branch="False" />
            <line number="121" hits="0" branch="False" />
            <line number="122" hits="0" branch="False" />
            <line number="8" hits="0" branch="False" />
            <line number="9" hits="0" branch="False" />
            <line number="11" hits="0" branch="False" />
            <line number="12" hits="0" branch="False" />
            <line number="13" hits="0" branch="False" />
            <line number="14" hits="0" branch="False" />
            <line number="15" hits="0" branch="False" />
            <line number="16" hits="0" branch="False" />
          </lines>
        </class>
        <class name="PingBoard.Services.PingMonitoringJobManager/&lt;ExecuteAsync&gt;d__6" filename="Services\PingMonitoringJobManager.cs" line-rate="0" branch-rate="1" complexity="1">
          <methods>
            <method name="MoveNext" signature="()" line-rate="0" branch-rate="1" complexity="1">
              <lines>
                <line number="20" hits="0" branch="False" />
                <line number="21" hits="0" branch="False" />
                <line number="22" hits="0" branch="False" />
                <line number="23" hits="0" branch="False" />
                <line number="25" hits="0" branch="False" />
                <line number="26" hits="0" branch="False" />
                <line number="27" hits="0" branch="False" />
                <line number="29" hits="0" branch="False" />
                <line number="30" hits="0" branch="False" />
                <line number="31" hits="0" branch="False" />
                <line number="33" hits="0" branch="False" />
                <line number="34" hits="0" branch="False" />
                <line number="35" hits="0" branch="False" />
                <line number="36" hits="0" branch="False" />
                <line number="38" hits="0" branch="False" />
                <line number="39" hits="0" branch="False" />
                <line number="41" hits="0" branch="False" />
                <line number="44" hits="0" branch="False" />
                <line number="45" hits="0" branch="False" />
                <line number="46" hits="0" branch="False" />
                <line number="47" hits="0" branch="False" />
                <line number="48" hits="0" branch="False" />
                <line number="50" hits="0" branch="False" />
                <line number="51" hits="0" branch="False" />
                <line number="53" hits="0" branch="False" />
                <line number="54" hits="0" branch="False" />
                <line number="55" hits="0" branch="False" />
                <line number="56" hits="0" branch="False" />
                <line number="59" hits="0" branch="False" />
                <line number="60" hits="0" branch="False" />
                <line number="61" hits="0" branch="False" />
                <line number="62" hits="0" branch="False" />
              </lines>
            </method>
          </methods>
          <lines>
            <line number="20" hits="0" branch="False" />
            <line number="21" hits="0" branch="False" />
            <line number="22" hits="0" branch="False" />
            <line number="23" hits="0" branch="False" />
            <line number="25" hits="0" branch="False" />
            <line number="26" hits="0" branch="False" />
            <line number="27" hits="0" branch="False" />
            <line number="29" hits="0" branch="False" />
            <line number="30" hits="0" branch="False" />
            <line number="31" hits="0" branch="False" />
            <line number="33" hits="0" branch="False" />
            <line number="34" hits="0" branch="False" />
            <line number="35" hits="0" branch="False" />
            <line number="36" hits="0" branch="False" />
            <line number="38" hits="0" branch="False" />
            <line number="39" hits="0" branch="False" />
            <line number="41" hits="0" branch="False" />
            <line number="44" hits="0" branch="False" />
            <line number="45" hits="0" branch="False" />
            <line number="46" hits="0" branch="False" />
            <line number="47" hits="0" branch="False" />
            <line number="48" hits="0" branch="False" />
            <line number="50" hits="0" branch="False" />
            <line number="51" hits="0" branch="False" />
            <line number="53" hits="0" branch="False" />
            <line number="54" hits="0" branch="False" />
            <line number="55" hits="0" branch="False" />
            <line number="56" hits="0" branch="False" />
            <line number="59" hits="0" branch="False" />
            <line number="60" hits="0" branch="False" />
            <line number="61" hits="0" branch="False" />
            <line number="62" hits="0" branch="False" />
          </lines>
        </class>
        <class name="PingBoard.Pinging.GroupPinger" filename="Pinging\GroupPinger.cs" line-rate="1" branch-rate="1" complexity="8">
          <methods>
            <method name="ProcessHalt" signature="(PingBoard.Database.Models.PingGroupSummary,System.Net.NetworkInformation.PingReply)" line-rate="1" branch-rate="1" complexity="1">
              <lines>
                <line number="124" hits="19" branch="False" />
                <line number="125" hits="19" branch="False" />
                <line number="126" hits="19" branch="False" />
                <line number="127" hits="19" branch="False" />
              </lines>
            </method>
            <method name="ProcessPause" signature="(PingBoard.Database.Models.PingGroupSummary,System.Net.NetworkInformation.PingReply)" line-rate="1" branch-rate="1" complexity="1">
              <lines>
                <line number="139" hits="19" branch="False" />
                <line number="140" hits="19" branch="False" />
                <line number="141" hits="19" branch="False" />
                <line number="142" hits="19" branch="False" />
              </lines>
            </method>
            <method name="ProcessPacketLossCaution" signature="(PingBoard.Database.Models.PingGroupSummary,System.Net.NetworkInformation.PingReply)" line-rate="1" branch-rate="1" complexity="1">
              <lines>
                <line number="155" hits="19" branch="False" />
                <line number="156" hits="19" branch="False" />
                <line number="157" hits="19" branch="False" />
                <line number="158" hits="19" branch="False" />
                <line number="159" hits="19" branch="False" />
              </lines>
            </method>
            <method name="&lt;SendPingGroupAsync&gt;g__HasRemainingPings|7_0" signature="(PingBoard.Pinging.GroupPinger/&lt;&gt;c__DisplayClass7_0&amp;)" line-rate="1" branch-rate="1" complexity="1">
              <lines>
                <line number="51" hits="140" branch="False" />
              </lines>
            </method>
            <method name="&lt;SendPingGroupAsync&gt;g__PingStateNotHalt|7_1" signature="(PingBoard.Pinging.GroupPinger/&lt;&gt;c__DisplayClass7_0&amp;)" line-rate="1" branch-rate="1" complexity="1">
              <lines>
                <line number="52" hits="100" branch="False" />
              </lines>
            </method>
            <method name="&lt;SendPingGroupAsync&gt;g__BelowReportThreshold|7_2" signature="(PingBoard.Pinging.GroupPinger/&lt;&gt;c__DisplayClass7_0&amp;)" line-rate="1" branch-rate="1" complexity="1">
              <lines>
                <line number="53" hits="90" branch="False" />
              </lines>
            </method>
            <method name="&lt;SendPingGroupAsync&gt;g__NotCancelled|7_3" signature="(PingBoard.Pinging.GroupPinger/&lt;&gt;c__DisplayClass7_0&amp;)" line-rate="1" branch-rate="1" complexity="1">
              <lines>
                <line number="54" hits="90" branch="False" />
              </lines>
            </method>
            <method name=".ctor" signature="(PingBoard.Pinging.IIndividualPinger,PingBoard.Pinging.PingQualification,PingBoard.Pinging.IPingScheduler,Microsoft.Extensions.Options.IOptions`1&lt;PingBoard.Pinging.Configuration.PingingBehaviorConfig&gt;,Microsoft.Extensions.Options.IOptions`1&lt;PingBoard.Pinging.Configuration.PingingThresholdsConfig&gt;,Microsoft.Extensions.Logging.ILogger`1&lt;PingBoard.Pinging.IGroupPinger&gt;)" line-rate="1" branch-rate="1" complexity="1">
              <lines>
                <line number="21" hits="50" branch="False" />
                <line number="22" hits="50" branch="False" />
                <line number="23" hits="100" branch="False" />
                <line number="24" hits="50" branch="False" />
                <line number="25" hits="50" branch="False" />
                <line number="26" hits="50" branch="False" />
                <line number="27" hits="50" branch="False" />
                <line number="28" hits="50" branch="False" />
                <line number="29" hits="50" branch="False" />
                <line number="30" hits="50" branch="False" />
              </lines>
            </method>
          </methods>
          <lines>
            <line number="124" hits="19" branch="False" />
            <line number="125" hits="19" branch="False" />
            <line number="126" hits="19" branch="False" />
            <line number="127" hits="19" branch="False" />
            <line number="139" hits="19" branch="False" />
            <line number="140" hits="19" branch="False" />
            <line number="141" hits="19" branch="False" />
            <line number="142" hits="19" branch="False" />
            <line number="155" hits="19" branch="False" />
            <line number="156" hits="19" branch="False" />
            <line number="157" hits="19" branch="False" />
            <line number="158" hits="19" branch="False" />
            <line number="159" hits="19" branch="False" />
            <line number="51" hits="140" branch="False" />
            <line number="52" hits="100" branch="False" />
            <line number="53" hits="90" branch="False" />
            <line number="54" hits="90" branch="False" />
            <line number="21" hits="50" branch="False" />
            <line number="22" hits="50" branch="False" />
            <line number="23" hits="100" branch="False" />
            <line number="24" hits="50" branch="False" />
            <line number="25" hits="50" branch="False" />
            <line number="26" hits="50" branch="False" />
            <line number="27" hits="50" branch="False" />
            <line number="28" hits="50" branch="False" />
            <line number="29" hits="50" branch="False" />
            <line number="30" hits="50" branch="False" />
          </lines>
        </class>
        <class name="PingBoard.Pinging.GroupPinger/&lt;SendPingGroupAsync&gt;d__7" filename="Pinging\GroupPinger.cs" line-rate="1" branch-rate="1" complexity="15">
          <methods>
            <method name="MoveNext" signature="()" line-rate="1" branch-rate="1" complexity="15">
              <lines>
                <line number="41" hits="50" branch="False" />
                <line number="42" hits="50" branch="False" />
                <line number="43" hits="50" branch="False" />
                <line number="44" hits="50" branch="False" />
                <line number="45" hits="50" branch="False" />
                <line number="46" hits="50" branch="False" />
                <line number="47" hits="50" branch="False" />
                <line number="48" hits="50" branch="False" />
                <line number="49" hits="50" branch="False" />
                <line number="56" hits="230" branch="True" condition-coverage="100% (8/8)">
                  <conditions>
                    <condition number="887" type="jump" coverage="100%" />
                    <condition number="823" type="jump" coverage="100%" />
                    <condition number="842" type="jump" coverage="100%" />
                    <condition number="861" type="jump" coverage="100%" />
                  </conditions>
                </line>
                <line number="57" hits="90" branch="False" />
                <line number="58" hits="90" branch="False" />
                <line number="59" hits="90" branch="False" />
                <line number="60" hits="90" branch="False" />
                <line number="61" hits="90" branch="False" />
                <line number="62" hits="90" branch="True" condition-coverage="100% (2/2)">
                  <conditions>
                    <condition number="497" type="jump" coverage="100%" />
                  </conditions>
                </line>
                <line number="64" hits="90" branch="True" condition-coverage="100% (5/5)">
                  <conditions>
                    <condition number="543" type="switch" coverage="100%" />
                  </conditions>
                </line>
                <line number="65" hits="72" branch="False" />
                <line number="66" hits="36" branch="False" />
                <line number="67" hits="36" branch="False" />
                <line number="68" hits="36" branch="False" />
                <line number="71" hits="90" branch="False" />
                <line number="72" hits="90" branch="False" />
                <line number="73" hits="90" branch="False" />
                <line number="75" hits="50" branch="False" />
                <line number="76" hits="50" branch="False" />
                <line number="77" hits="50" branch="False" />
                <line number="78" hits="50" branch="False" />
                <line number="81" hits="50" branch="False" />
                <line number="82" hits="50" branch="False" />
              </lines>
            </method>
          </methods>
          <lines>
            <line number="41" hits="50" branch="False" />
            <line number="42" hits="50" branch="False" />
            <line number="43" hits="50" branch="False" />
            <line number="44" hits="50" branch="False" />
            <line number="45" hits="50" branch="False" />
            <line number="46" hits="50" branch="False" />
            <line number="47" hits="50" branch="False" />
            <line number="48" hits="50" branch="False" />
            <line number="49" hits="50" branch="False" />
            <line number="56" hits="230" branch="True" condition-coverage="100% (8/8)">
              <conditions>
                <condition number="887" type="jump" coverage="100%" />
                <condition number="823" type="jump" coverage="100%" />
                <condition number="842" type="jump" coverage="100%" />
                <condition number="861" type="jump" coverage="100%" />
              </conditions>
            </line>
            <line number="57" hits="90" branch="False" />
            <line number="58" hits="90" branch="False" />
            <line number="59" hits="90" branch="False" />
            <line number="60" hits="90" branch="False" />
            <line number="61" hits="90" branch="False" />
            <line number="62" hits="90" branch="True" condition-coverage="100% (2/2)">
              <conditions>
                <condition number="497" type="jump" coverage="100%" />
              </conditions>
            </line>
            <line number="64" hits="90" branch="True" condition-coverage="100% (5/5)">
              <conditions>
                <condition number="543" type="switch" coverage="100%" />
              </conditions>
            </line>
            <line number="65" hits="72" branch="False" />
            <line number="66" hits="36" branch="False" />
            <line number="67" hits="36" branch="False" />
            <line number="68" hits="36" branch="False" />
            <line number="71" hits="90" branch="False" />
            <line number="72" hits="90" branch="False" />
            <line number="73" hits="90" branch="False" />
            <line number="75" hits="50" branch="False" />
            <line number="76" hits="50" branch="False" />
            <line number="77" hits="50" branch="False" />
            <line number="78" hits="50" branch="False" />
            <line number="81" hits="50" branch="False" />
            <line number="82" hits="50" branch="False" />
          </lines>
        </class>
        <class name="PingBoard.Pinging.IcmpStatusCodeLookup" filename="Pinging\IcmpStatusCodeLookup.cs" line-rate="1" branch-rate="1" complexity="2">
          <methods>
            <method name="ReadInIpStatusInfo" signature="(System.String)" line-rate="1" branch-rate="1" complexity="1">
              <lines>
                <line number="40" hits="1" branch="False" />
                <line number="41" hits="1" branch="False" />
                <line number="44" hits="1" branch="False" />
                <line number="48" hits="1" branch="False" />
                <line number="49" hits="1" branch="False" />
                <line number="50" hits="1" branch="False" />
                <line number="51" hits="1" branch="False" />
              </lines>
            </method>
            <method name=".cctor" signature="()" line-rate="1" branch-rate="1" complexity="1">
              <lines>
                <line number="29" hits="1" branch="False" />
                <line number="30" hits="1" branch="False" />
                <line number="31" hits="1" branch="False" />
                <line number="32" hits="24" branch="False" />
                <line number="33" hits="1" branch="False" />
              </lines>
            </method>
          </methods>
          <lines>
            <line number="40" hits="1" branch="False" />
            <line number="41" hits="1" branch="False" />
            <line number="44" hits="1" branch="False" />
            <line number="48" hits="1" branch="False" />
            <line number="49" hits="1" branch="False" />
            <line number="50" hits="1" branch="False" />
            <line number="51" hits="1" branch="False" />
            <line number="29" hits="1" branch="False" />
            <line number="30" hits="1" branch="False" />
            <line number="31" hits="1" branch="False" />
            <line number="32" hits="24" branch="False" />
            <line number="33" hits="1" branch="False" />
          </lines>
        </class>
        <class name="PingBoard.Pinging.PingGroupSummaryExtension" filename="Pinging\PingGroupSummaryExtension.cs" line-rate="0" branch-rate="0" complexity="18">
          <methods>
            <method name="CalculatePingJitter" signature="(System.Collections.Generic.List`1&lt;System.Int64&gt;)" line-rate="0" branch-rate="0" complexity="4">
              <lines>
                <line number="50" hits="0" branch="False" />
                <line number="51" hits="0" branch="True" condition-coverage="0% (0/2)">
                  <conditions>
                    <condition number="15" type="jump" coverage="0%" />
                  </conditions>
                </line>
                <line number="52" hits="0" branch="False" />
                <line number="55" hits="0" branch="False" />
                <line number="56" hits="0" branch="True" condition-coverage="0% (0/2)">
                  <conditions>
                    <condition number="87" type="jump" coverage="0%" />
                  </conditions>
                </line>
                <line number="57" hits="0" branch="False" />
                <line number="58" hits="0" branch="False" />
                <line number="60" hits="0" branch="False" />
                <line number="61" hits="0" branch="False" />
                <line number="62" hits="0" branch="False" />
              </lines>
            </method>
            <method name="CalculateAveragePing" signature="(PingBoard.Database.Models.PingGroupSummary)" line-rate="0" branch-rate="0" complexity="2">
              <lines>
                <line number="74" hits="0" branch="False" />
                <line number="76" hits="0" branch="False" />
                <line number="77" hits="0" branch="True" condition-coverage="0% (0/2)">
                  <conditions>
                    <condition number="21" type="jump" coverage="0%" />
                  </conditions>
                </line>
                <line number="78" hits="0" branch="False" />
                <line number="81" hits="0" branch="False" />
                <line number="83" hits="0" branch="False" />
              </lines>
            </method>
            <method name="CalculatePacketLoss" signature="(System.Int32,System.Int32)" line-rate="0" branch-rate="0" complexity="2">
              <lines>
                <line number="91" hits="0" branch="False" />
                <line number="92" hits="0" branch="True" condition-coverage="0% (0/2)">
                  <conditions>
                    <condition number="7" type="jump" coverage="0%" />
                  </conditions>
                </line>
                <line number="93" hits="0" branch="False" />
                <line number="96" hits="0" branch="False" />
                <line number="97" hits="0" branch="False" />
                <line number="98" hits="0" branch="False" />
              </lines>
            </method>
            <method name="SetIfMaxPing" signature="(PingBoard.Database.Models.PingGroupSummary,System.Int16)" line-rate="0" branch-rate="0" complexity="2">
              <lines>
                <line number="106" hits="0" branch="False" />
                <line number="107" hits="0" branch="True" condition-coverage="0% (0/2)">
                  <conditions>
                    <condition number="12" type="jump" coverage="0%" />
                  </conditions>
                </line>
                <line number="108" hits="0" branch="False" />
                <line number="109" hits="0" branch="False" />
                <line number="110" hits="0" branch="False" />
              </lines>
            </method>
            <method name="SetIfMinPing" signature="(PingBoard.Database.Models.PingGroupSummary,System.Int16)" line-rate="0" branch-rate="0" complexity="2">
              <lines>
                <line number="118" hits="0" branch="False" />
                <line number="119" hits="0" branch="True" condition-coverage="0% (0/2)">
                  <conditions>
                    <condition number="12" type="jump" coverage="0%" />
                  </conditions>
                </line>
                <line number="120" hits="0" branch="False" />
                <line number="121" hits="0" branch="False" />
                <line number="122" hits="0" branch="False" />
              </lines>
            </method>
            <method name="ResetMinMaxPingsIfUnused" signature="(PingBoard.Database.Models.PingGroupSummary)" line-rate="0" branch-rate="0" complexity="6">
              <lines>
                <line number="130" hits="0" branch="False" />
                <line number="131" hits="0" branch="True" condition-coverage="0% (0/6)">
                  <conditions>
                    <condition number="2" type="jump" coverage="0%" />
                    <condition number="15" type="jump" coverage="0%" />
                    <condition number="38" type="jump" coverage="0%" />
                  </conditions>
                </line>
                <line number="132" hits="0" branch="False" />
                <line number="133" hits="0" branch="False" />
                <line number="134" hits="0" branch="False" />
              </lines>
            </method>
          </methods>
          <lines>
            <line number="50" hits="0" branch="False" />
            <line number="51" hits="0" branch="True" condition-coverage="0% (0/2)">
              <conditions>
                <condition number="15" type="jump" coverage="0%" />
              </conditions>
            </line>
            <line number="52" hits="0" branch="False" />
            <line number="55" hits="0" branch="False" />
            <line number="56" hits="0" branch="True" condition-coverage="0% (0/2)">
              <conditions>
                <condition number="87" type="jump" coverage="0%" />
              </conditions>
            </line>
            <line number="57" hits="0" branch="False" />
            <line number="58" hits="0" branch="False" />
            <line number="60" hits="0" branch="False" />
            <line number="61" hits="0" branch="False" />
            <line number="62" hits="0" branch="False" />
            <line number="74" hits="0" branch="False" />
            <line number="76" hits="0" branch="False" />
            <line number="77" hits="0" branch="True" condition-coverage="0% (0/2)">
              <conditions>
                <condition number="21" type="jump" coverage="0%" />
              </conditions>
            </line>
            <line number="78" hits="0" branch="False" />
            <line number="81" hits="0" branch="False" />
            <line number="83" hits="0" branch="False" />
            <line number="91" hits="0" branch="False" />
            <line number="92" hits="0" branch="True" condition-coverage="0% (0/2)">
              <conditions>
                <condition number="7" type="jump" coverage="0%" />
              </conditions>
            </line>
            <line number="93" hits="0" branch="False" />
            <line number="96" hits="0" branch="False" />
            <line number="97" hits="0" branch="False" />
            <line number="98" hits="0" branch="False" />
            <line number="106" hits="0" branch="False" />
            <line number="107" hits="0" branch="True" condition-coverage="0% (0/2)">
              <conditions>
                <condition number="12" type="jump" coverage="0%" />
              </conditions>
            </line>
            <line number="108" hits="0" branch="False" />
            <line number="109" hits="0" branch="False" />
            <line number="110" hits="0" branch="False" />
            <line number="118" hits="0" branch="False" />
            <line number="119" hits="0" branch="True" condition-coverage="0% (0/2)">
              <conditions>
                <condition number="12" type="jump" coverage="0%" />
              </conditions>
            </line>
            <line number="120" hits="0" branch="False" />
            <line number="121" hits="0" branch="False" />
            <line number="122" hits="0" branch="False" />
            <line number="130" hits="0" branch="False" />
            <line number="131" hits="0" branch="True" condition-coverage="0% (0/6)">
              <conditions>
                <condition number="2" type="jump" coverage="0%" />
                <condition number="15" type="jump" coverage="0%" />
                <condition number="38" type="jump" coverage="0%" />
              </conditions>
            </line>
            <line number="132" hits="0" branch="False" />
            <line number="133" hits="0" branch="False" />
            <line number="134" hits="0" branch="False" />
          </lines>
        </class>
        <class name="PingBoard.Pinging.PingQualification" filename="Pinging\PingQualification.cs" line-rate="1" branch-rate="1" complexity="22">
          <methods>
            <method name="CalculatePingQualityFlags" signature="(PingBoard.Database.Models.PingGroupSummary)" line-rate="1" branch-rate="1" complexity="10">
              <lines>
                <line number="48" hits="28" branch="False" />
                <line number="49" hits="28" branch="False" />
                <line number="51" hits="31" branch="True" condition-coverage="100% (2/2)">
                  <conditions>
                    <condition number="29" type="jump" coverage="100%" />
                  </conditions>
                </line>
                <line number="52" hits="30" branch="True" condition-coverage="100% (2/2)">
                  <conditions>
                    <condition number="56" type="jump" coverage="100%" />
                  </conditions>
                </line>
                <line number="53" hits="31" branch="True" condition-coverage="100% (2/2)">
                  <conditions>
                    <condition number="83" type="jump" coverage="100%" />
                  </conditions>
                </line>
                <line number="54" hits="29" branch="True" condition-coverage="100% (2/2)">
                  <conditions>
                    <condition number="112" type="jump" coverage="100%" />
                  </conditions>
                </line>
                <line number="55" hits="38" branch="True" condition-coverage="100% (2/2)">
                  <conditions>
                    <condition number="142" type="jump" coverage="100%" />
                  </conditions>
                </line>
                <line number="57" hits="28" branch="False" />
                <line number="58" hits="28" branch="False" />
              </lines>
            </method>
            <method name="DescribePingQualityFlags" signature="(PingBoard.Pinging.PingQualification/ThresholdExceededFlags)" line-rate="1" branch-rate="1" complexity="10">
              <lines>
                <line number="65" hits="4" branch="False" />
                <line number="68" hits="5" branch="True" condition-coverage="100% (2/2)">
                  <conditions>
                    <condition number="9" type="jump" coverage="100%" />
                  </conditions>
                </line>
                <line number="69" hits="1" branch="False" />
                <line number="72" hits="3" branch="False" />
                <line number="73" hits="63" branch="True" condition-coverage="100% (2/2)">
                  <conditions>
                    <condition number="153" type="jump" coverage="100%" />
                  </conditions>
                </line>
                <line number="74" hits="21" branch="True" condition-coverage="100% (2/2)">
                  <conditions>
                    <condition number="76" type="jump" coverage="100%" />
                  </conditions>
                </line>
                <line number="75" hits="3" branch="False" />
                <line number="78" hits="24" branch="True" condition-coverage="100% (2/2)">
                  <conditions>
                    <condition number="93" type="jump" coverage="100%" />
                  </conditions>
                </line>
                <line number="79" hits="15" branch="True" condition-coverage="100% (2/2)">
                  <conditions>
                    <condition number="109" type="jump" coverage="100%" />
                  </conditions>
                </line>
                <line number="80" hits="6" branch="False" />
                <line number="81" hits="6" branch="False" />
                <line number="82" hits="9" branch="False" />
                <line number="83" hits="9" branch="False" />
                <line number="84" hits="15" branch="False" />
                <line number="85" hits="3" branch="False" />
                <line number="86" hits="4" branch="False" />
              </lines>
            </method>
            <method name="PingQualityWithinThresholds" signature="(PingBoard.Pinging.PingQualification/ThresholdExceededFlags)" line-rate="1" branch-rate="1" complexity="1">
              <lines>
                <line number="93" hits="6" branch="False" />
                <line number="94" hits="6" branch="False" />
                <line number="95" hits="6" branch="False" />
              </lines>
            </method>
            <method name=".ctor" signature="(Microsoft.Extensions.Options.IOptions`1&lt;PingBoard.Pinging.Configuration.PingingThresholdsConfig&gt;)" line-rate="1" branch-rate="1" complexity="1">
              <lines>
                <line number="37" hits="160" branch="False" />
                <line number="38" hits="80" branch="False" />
                <line number="39" hits="80" branch="False" />
              </lines>
            </method>
          </methods>
          <lines>
            <line number="48" hits="28" branch="False" />
            <line number="49" hits="28" branch="False" />
            <line number="51" hits="31" branch="True" condition-coverage="100% (2/2)">
              <conditions>
                <condition number="29" type="jump" coverage="100%" />
              </conditions>
            </line>
            <line number="52" hits="30" branch="True" condition-coverage="100% (2/2)">
              <conditions>
                <condition number="56" type="jump" coverage="100%" />
              </conditions>
            </line>
            <line number="53" hits="31" branch="True" condition-coverage="100% (2/2)">
              <conditions>
                <condition number="83" type="jump" coverage="100%" />
              </conditions>
            </line>
            <line number="54" hits="29" branch="True" condition-coverage="100% (2/2)">
              <conditions>
                <condition number="112" type="jump" coverage="100%" />
              </conditions>
            </line>
            <line number="55" hits="38" branch="True" condition-coverage="100% (2/2)">
              <conditions>
                <condition number="142" type="jump" coverage="100%" />
              </conditions>
            </line>
            <line number="57" hits="28" branch="False" />
            <line number="58" hits="28" branch="False" />
            <line number="65" hits="4" branch="False" />
            <line number="68" hits="5" branch="True" condition-coverage="100% (2/2)">
              <conditions>
                <condition number="9" type="jump" coverage="100%" />
              </conditions>
            </line>
            <line number="69" hits="1" branch="False" />
            <line number="72" hits="3" branch="False" />
            <line number="73" hits="63" branch="True" condition-coverage="100% (2/2)">
              <conditions>
                <condition number="153" type="jump" coverage="100%" />
              </conditions>
            </line>
            <line number="74" hits="21" branch="True" condition-coverage="100% (2/2)">
              <conditions>
                <condition number="76" type="jump" coverage="100%" />
              </conditions>
            </line>
            <line number="75" hits="3" branch="False" />
            <line number="78" hits="24" branch="True" condition-coverage="100% (2/2)">
              <conditions>
                <condition number="93" type="jump" coverage="100%" />
              </conditions>
            </line>
            <line number="79" hits="15" branch="True" condition-coverage="100% (2/2)">
              <conditions>
                <condition number="109" type="jump" coverage="100%" />
              </conditions>
            </line>
            <line number="80" hits="6" branch="False" />
            <line number="81" hits="6" branch="False" />
            <line number="82" hits="9" branch="False" />
            <line number="83" hits="9" branch="False" />
            <line number="84" hits="15" branch="False" />
            <line number="85" hits="3" branch="False" />
            <line number="86" hits="4" branch="False" />
            <line number="93" hits="6" branch="False" />
            <line number="94" hits="6" branch="False" />
            <line number="95" hits="6" branch="False" />
            <line number="37" hits="160" branch="False" />
            <line number="38" hits="80" branch="False" />
            <line number="39" hits="80" branch="False" />
          </lines>
        </class>
        <class name="PingBoard.Pinging.PingScheduler" filename="Pinging\PingScheduler.cs" line-rate="1" branch-rate="0.5" complexity="5">
          <methods>
            <method name="StartIntervalTracking" signature="()" line-rate="1" branch-rate="1" complexity="1">
              <lines>
                <line number="61" hits="24" branch="False" />
                <line number="62" hits="24" branch="False" />
                <line number="63" hits="24" branch="False" />
              </lines>
            </method>
            <method name="EndIntervalTracking" signature="()" line-rate="1" branch-rate="1" complexity="1">
              <lines>
                <line number="65" hits="24" branch="False" />
                <line number="66" hits="24" branch="False" />
                <line number="67" hits="24" branch="False" />
                <line number="69" hits="24" branch="False" />
              </lines>
            </method>
            <method name="CalculateDelayToEvenlySpreadPings" signature="()" line-rate="1" branch-rate="0.5" complexity="2">
              <lines>
                <line number="75" hits="24" branch="False" />
                <line number="76" hits="24" branch="True" condition-coverage="50% (1/2)">
                  <conditions>
                    <condition number="18" type="jump" coverage="50%" />
                  </conditions>
                </line>
                <line number="77" hits="24" branch="False" />
                <line number="78" hits="24" branch="False" />
                <line number="80" hits="24" branch="False" />
                <line number="81" hits="24" branch="False" />
              </lines>
            </method>
            <method name=".ctor" signature="(Microsoft.Extensions.Options.IOptions`1&lt;PingBoard.Pinging.Configuration.PingingBehaviorConfig&gt;)" line-rate="1" branch-rate="1" complexity="1">
              <lines>
                <line number="50" hits="12" branch="False" />
                <line number="54" hits="24" branch="False" />
                <line number="55" hits="12" branch="False" />
                <line number="56" hits="12" branch="False" />
                <line number="57" hits="12" branch="False" />
                <line number="59" hits="12" branch="False" />
              </lines>
            </method>
          </methods>
          <lines>
            <line number="61" hits="24" branch="False" />
            <line number="62" hits="24" branch="False" />
            <line number="63" hits="24" branch="False" />
            <line number="65" hits="24" branch="False" />
            <line number="66" hits="24" branch="False" />
            <line number="67" hits="24" branch="False" />
            <line number="69" hits="24" branch="False" />
            <line number="75" hits="24" branch="False" />
            <line number="76" hits="24" branch="True" condition-coverage="50% (1/2)">
              <conditions>
                <condition number="18" type="jump" coverage="50%" />
              </conditions>
            </line>
            <line number="77" hits="24" branch="False" />
            <line number="78" hits="24" branch="False" />
            <line number="80" hits="24" branch="False" />
            <line number="81" hits="24" branch="False" />
            <line number="50" hits="12" branch="False" />
            <line number="54" hits="24" branch="False" />
            <line number="55" hits="12" branch="False" />
            <line number="56" hits="12" branch="False" />
            <line number="57" hits="12" branch="False" />
            <line number="59" hits="12" branch="False" />
          </lines>
        </class>
        <class name="PingBoard.Pinging.PingScheduler/&lt;DelayPingingAsync&gt;d__9" filename="Pinging\PingScheduler.cs" line-rate="0.7857" branch-rate="0.75" complexity="4">
          <methods>
            <method name="MoveNext" signature="()" line-rate="0.7857" branch-rate="0.75" complexity="4">
              <lines>
                <line number="87" hits="24" branch="False" />
                <line number="88" hits="24" branch="False" />
                <line number="89" hits="24" branch="False" />
                <line number="91" hits="24" branch="False" />
                <line number="92" hits="24" branch="False" />
                <line number="93" hits="24" branch="False" />
                <line number="97" hits="2914224" branch="True" condition-coverage="100% (2/2)">
                  <conditions>
                    <condition number="278" type="jump" coverage="100%" />
                  </conditions>
                </line>
                <line number="98" hits="1457100" branch="False" />
                <line number="99" hits="2914200" branch="True" condition-coverage="50% (1/2)">
                  <conditions>
                    <condition number="127" type="jump" coverage="50%" />
                  </conditions>
                </line>
                <line number="100" hits="0" branch="False" />
                <line number="101" hits="0" branch="False" />
                <line number="102" hits="0" branch="False" />
                <line number="103" hits="24" branch="False" />
                <line number="105" hits="24" branch="False" />
              </lines>
            </method>
          </methods>
          <lines>
            <line number="87" hits="24" branch="False" />
            <line number="88" hits="24" branch="False" />
            <line number="89" hits="24" branch="False" />
            <line number="91" hits="24" branch="False" />
            <line number="92" hits="24" branch="False" />
            <line number="93" hits="24" branch="False" />
            <line number="97" hits="2914224" branch="True" condition-coverage="100% (2/2)">
              <conditions>
                <condition number="278" type="jump" coverage="100%" />
              </conditions>
            </line>
            <line number="98" hits="1457100" branch="False" />
            <line number="99" hits="2914200" branch="True" condition-coverage="50% (1/2)">
              <conditions>
                <condition number="127" type="jump" coverage="50%" />
              </conditions>
            </line>
            <line number="100" hits="0" branch="False" />
            <line number="101" hits="0" branch="False" />
            <line number="102" hits="0" branch="False" />
            <line number="103" hits="24" branch="False" />
            <line number="105" hits="24" branch="False" />
          </lines>
        </class>
        <class name="PingBoard.Pinging.IcmpStatusCodeEntry" filename="Pinging\StatusCodeEntry.cs" line-rate="1" branch-rate="1" complexity="4">
          <methods>
            <method name="get_IcmpStatusCode" signature="()" line-rate="1" branch-rate="1" complexity="1">
              <lines>
                <line number="14" hits="46" branch="False" />
              </lines>
            </method>
            <method name="get_BriefDescription" signature="()" line-rate="1" branch-rate="1" complexity="1">
              <lines>
                <line number="19" hits="23" branch="False" />
              </lines>
            </method>
            <method name="get_ExtendedDescription" signature="()" line-rate="1" branch-rate="1" complexity="1">
              <lines>
                <line number="28" hits="23" branch="False" />
              </lines>
            </method>
            <method name="get_State" signature="()" line-rate="1" branch-rate="1" complexity="1">
              <lines>
                <line number="34" hits="113" branch="False" />
              </lines>
            </method>
          </methods>
          <lines>
            <line number="14" hits="46" branch="False" />
            <line number="19" hits="23" branch="False" />
            <line number="28" hits="23" branch="False" />
            <line number="34" hits="113" branch="False" />
          </lines>
        </class>
        <class name="PingBoard.Pinging.Configuration.PingingBehaviorConfig" filename="Pinging\Configuration\PingingBehaviorConfig.cs" line-rate="1" branch-rate="1" complexity="6">
          <methods>
            <method name="get_PayloadStr" signature="()" line-rate="1" branch-rate="1" complexity="1">
              <lines>
                <line number="10" hits="13" branch="False" />
              </lines>
            </method>
            <method name="get_PingsPerCall" signature="()" line-rate="1" branch-rate="1" complexity="1">
              <lines>
                <line number="15" hits="165" branch="False" />
              </lines>
            </method>
            <method name="get_TimeoutMs" signature="()" line-rate="1" branch-rate="1" complexity="1">
              <lines>
                <line number="20" hits="13" branch="False" />
              </lines>
            </method>
            <method name="get_Ttl" signature="()" line-rate="1" branch-rate="1" complexity="1">
              <lines>
                <line number="25" hits="13" branch="False" />
              </lines>
            </method>
            <method name="get_WaitMs" signature="()" line-rate="1" branch-rate="1" complexity="1">
              <lines>
                <line number="30" hits="25" branch="False" />
              </lines>
            </method>
            <method name="get_ReportBackAfterConsecutiveTimeouts" signature="()" line-rate="1" branch-rate="1" complexity="1">
              <lines>
                <line number="57" hits="111" branch="False" />
              </lines>
            </method>
          </methods>
          <lines>
            <line number="10" hits="13" branch="False" />
            <line number="15" hits="165" branch="False" />
            <line number="20" hits="13" branch="False" />
            <line number="25" hits="13" branch="False" />
            <line number="30" hits="25" branch="False" />
            <line number="57" hits="111" branch="False" />
          </lines>
        </class>
        <class name="PingBoard.Pinging.Configuration.PingingBehaviorConfigLimits" filename="Pinging\Configuration\PingingBehaviorConfigLimits.cs" line-rate="1" branch-rate="1" complexity="1">
          <methods>
            <method name=".ctor" signature="()" line-rate="1" branch-rate="1" complexity="1">
              <lines>
                <line number="63" hits="12" branch="False" />
                <line number="69" hits="12" branch="False" />
              </lines>
            </method>
          </methods>
          <lines>
            <line number="63" hits="12" branch="False" />
            <line number="69" hits="12" branch="False" />
          </lines>
        </class>
        <class name="PingBoard.Pinging.Configuration.PingingBehaviorConfigValidator" filename="Pinging\Configuration\PingingBehaviorConfigValidator.cs" line-rate="1" branch-rate="1" complexity="1">
          <methods>
            <method name=".ctor" signature="(PingBoard.Pinging.Configuration.PingingBehaviorConfigLimits)" line-rate="1" branch-rate="1" complexity="1">
              <lines>
                <line number="8" hits="8" branch="False" />
                <line number="9" hits="4" branch="False" />
                <line number="10" hits="4" branch="False" />
                <line number="12" hits="4" branch="False" />
                <line number="13" hits="4" branch="False" />
                <line number="15" hits="4" branch="False" />
                <line number="16" hits="4" branch="False" />
                <line number="18" hits="4" branch="False" />
                <line number="19" hits="4" branch="False" />
                <line number="21" hits="4" branch="False" />
                <line number="22" hits="4" branch="False" />
                <line number="24" hits="4" branch="False" />
                <line number="25" hits="4" branch="False" />
                <line number="32" hits="4" branch="False" />
              </lines>
            </method>
          </methods>
          <lines>
            <line number="8" hits="8" branch="False" />
            <line number="9" hits="4" branch="False" />
            <line number="10" hits="4" branch="False" />
            <line number="12" hits="4" branch="False" />
            <line number="13" hits="4" branch="False" />
            <line number="15" hits="4" branch="False" />
            <line number="16" hits="4" branch="False" />
            <line number="18" hits="4" branch="False" />
            <line number="19" hits="4" branch="False" />
            <line number="21" hits="4" branch="False" />
            <line number="22" hits="4" branch="False" />
            <line number="24" hits="4" branch="False" />
            <line number="25" hits="4" branch="False" />
            <line number="32" hits="4" branch="False" />
          </lines>
        </class>
        <class name="PingBoard.Pinging.Configuration.PingingThresholdsConfig" filename="Pinging\Configuration\PingingThresholdsConfig.cs" line-rate="1" branch-rate="1" complexity="5">
          <methods>
            <method name="get_MinimumPingMs" signature="()" line-rate="1" branch-rate="1" complexity="1">
              <lines>
                <line number="11" hits="75" branch="False" />
              </lines>
            </method>
            <method name="get_AveragePingMs" signature="()" line-rate="1" branch-rate="1" complexity="1">
              <lines>
                <line number="16" hits="79" branch="False" />
              </lines>
            </method>
            <method name="get_MaximumPingMs" signature="()" line-rate="1" branch-rate="1" complexity="1">
              <lines>
                <line number="21" hits="71" branch="False" />
              </lines>
            </method>
            <method name="get_JitterMs" signature="()" line-rate="1" branch-rate="1" complexity="1">
              <lines>
                <line number="26" hits="67" branch="False" />
              </lines>
            </method>
            <method name="get_PacketLossPercentage" signature="()" line-rate="1" branch-rate="1" complexity="1">
              <lines>
                <line number="31" hits="67" branch="False" />
              </lines>
            </method>
          </methods>
          <lines>
            <line number="11" hits="75" branch="False" />
            <line number="16" hits="79" branch="False" />
            <line number="21" hits="71" branch="False" />
            <line number="26" hits="67" branch="False" />
            <line number="31" hits="67" branch="False" />
          </lines>
        </class>
        <class name="PingBoard.Pinging.Configuration.PingingThresholdsConfigLimits" filename="Pinging\Configuration\PingingThresholdsConfigLimits.cs" line-rate="1" branch-rate="1" complexity="1">
          <methods>
            <method name=".ctor" signature="()" line-rate="1" branch-rate="1" complexity="1">
              <lines>
                <line number="25" hits="4" branch="False" />
                <line number="50" hits="4" branch="False" />
              </lines>
            </method>
          </methods>
          <lines>
            <line number="25" hits="4" branch="False" />
            <line number="50" hits="4" branch="False" />
          </lines>
        </class>
        <class name="PingBoard.Pinging.Configuration.PingingThresholdsConfigValidator" filename="Pinging\Configuration\PingingThresholdsConfigValidator.cs" line-rate="1" branch-rate="1" complexity="1">
          <methods>
            <method name=".ctor" signature="(PingBoard.Pinging.Configuration.PingingThresholdsConfigLimits)" line-rate="1" branch-rate="1" complexity="1">
              <lines>
                <line number="12" hits="8" branch="False" />
                <line number="13" hits="4" branch="False" />
                <line number="14" hits="4" branch="False" />
                <line number="15" hits="4" branch="False" />
                <line number="16" hits="4" branch="False" />
                <line number="17" hits="4" branch="False" />
                <line number="18" hits="4" branch="False" />
                <line number="19" hits="4" branch="False" />
                <line number="21" hits="4" branch="False" />
                <line number="22" hits="4" branch="False" />
                <line number="23" hits="4" branch="False" />
                <line number="24" hits="4" branch="False" />
                <line number="25" hits="4" branch="False" />
                <line number="26" hits="4" branch="False" />
                <line number="27" hits="4" branch="False" />
                <line number="28" hits="4" branch="False" />
                <line number="30" hits="4" branch="False" />
                <line number="31" hits="4" branch="False" />
                <line number="32" hits="4" branch="False" />
                <line number="33" hits="4" branch="False" />
                <line number="34" hits="4" branch="False" />
                <line number="35" hits="4" branch="False" />
                <line number="36" hits="4" branch="False" />
                <line number="37" hits="4" branch="False" />
                <line number="38" hits="4" branch="False" />
                <line number="40" hits="4" branch="False" />
                <line number="41" hits="4" branch="False" />
                <line number="42" hits="4" branch="False" />
                <line number="43" hits="4" branch="False" />
                <line number="44" hits="4" branch="False" />
                <line number="45" hits="4" branch="False" />
                <line number="46" hits="4" branch="False" />
                <line number="47" hits="4" branch="False" />
                <line number="49" hits="4" branch="False" />
                <line number="50" hits="4" branch="False" />
                <line number="51" hits="4" branch="False" />
                <line number="52" hits="4" branch="False" />
                <line number="53" hits="4" branch="False" />
                <line number="54" hits="4" branch="False" />
                <line number="55" hits="4" branch="False" />
              </lines>
            </method>
          </methods>
          <lines>
            <line number="12" hits="8" branch="False" />
            <line number="13" hits="4" branch="False" />
            <line number="14" hits="4" branch="False" />
            <line number="15" hits="4" branch="False" />
            <line number="16" hits="4" branch="False" />
            <line number="17" hits="4" branch="False" />
            <line number="18" hits="4" branch="False" />
            <line number="19" hits="4" branch="False" />
            <line number="21" hits="4" branch="False" />
            <line number="22" hits="4" branch="False" />
            <line number="23" hits="4" branch="False" />
            <line number="24" hits="4" branch="False" />
            <line number="25" hits="4" branch="False" />
            <line number="26" hits="4" branch="False" />
            <line number="27" hits="4" branch="False" />
            <line number="28" hits="4" branch="False" />
            <line number="30" hits="4" branch="False" />
            <line number="31" hits="4" branch="False" />
            <line number="32" hits="4" branch="False" />
            <line number="33" hits="4" branch="False" />
            <line number="34" hits="4" branch="False" />
            <line number="35" hits="4" branch="False" />
            <line number="36" hits="4" branch="False" />
            <line number="37" hits="4" branch="False" />
            <line number="38" hits="4" branch="False" />
            <line number="40" hits="4" branch="False" />
            <line number="41" hits="4" branch="False" />
            <line number="42" hits="4" branch="False" />
            <line number="43" hits="4" branch="False" />
            <line number="44" hits="4" branch="False" />
            <line number="45" hits="4" branch="False" />
            <line number="46" hits="4" branch="False" />
            <line number="47" hits="4" branch="False" />
            <line number="49" hits="4" branch="False" />
            <line number="50" hits="4" branch="False" />
            <line number="51" hits="4" branch="False" />
            <line number="52" hits="4" branch="False" />
            <line number="53" hits="4" branch="False" />
            <line number="54" hits="4" branch="False" />
            <line number="55" hits="4" branch="False" />
          </lines>
        </class>
        <class name="PingBoard.Monitoring.Configuration.MonitoringBehaviorConfig" filename="Monitoring\Configuration\MonitoringBehaviorConfig.cs" line-rate="1" branch-rate="1" complexity="1">
          <methods>
            <method name="get_OutageAfterTimeouts" signature="()" line-rate="1" branch-rate="1" complexity="1">
              <lines>
                <line number="3" hits="12" branch="False" />
              </lines>
            </method>
          </methods>
          <lines>
            <line number="3" hits="12" branch="False" />
          </lines>
        </class>
        <class name="PingBoard.Monitoring.Configuration.MonitoringBehaviorConfigValidator" filename="Monitoring\Configuration\MonitoringBehaviorConfigValidator.cs" line-rate="1" branch-rate="1" complexity="1">
          <methods>
            <method name=".ctor" signature="(Microsoft.Extensions.Options.IOptions`1&lt;PingBoard.Pinging.Configuration.PingingBehaviorConfig&gt;)" line-rate="1" branch-rate="1" complexity="1">
              <lines>
                <line number="11" hits="4" branch="False" />
                <line number="12" hits="4" branch="False" />
                <line number="13" hits="4" branch="False" />
                <line number="14" hits="4" branch="False" />
                <line number="15" hits="4" branch="False" />
                <line number="16" hits="4" branch="False" />
                <line number="17" hits="4" branch="False" />
                <line number="18" hits="4" branch="False" />
                <line number="19" hits="4" branch="False" />
                <line number="20" hits="4" branch="False" />
                <line number="22" hits="4" branch="False" />
                <line number="23" hits="4" branch="False" />
                <line number="24" hits="4" branch="False" />
                <line number="25" hits="4" branch="False" />
                <line number="26" hits="4" branch="False" />
                <line number="27" hits="4" branch="False" />
                <line number="28" hits="4" branch="False" />
                <line number="29" hits="4" branch="False" />
              </lines>
            </method>
          </methods>
          <lines>
            <line number="11" hits="4" branch="False" />
            <line number="12" hits="4" branch="False" />
            <line number="13" hits="4" branch="False" />
            <line number="14" hits="4" branch="False" />
            <line number="15" hits="4" branch="False" />
            <line number="16" hits="4" branch="False" />
            <line number="17" hits="4" branch="False" />
            <line number="18" hits="4" branch="False" />
            <line number="19" hits="4" branch="False" />
            <line number="20" hits="4" branch="False" />
            <line number="22" hits="4" branch="False" />
            <line number="23" hits="4" branch="False" />
            <line number="24" hits="4" branch="False" />
            <line number="25" hits="4" branch="False" />
            <line number="26" hits="4" branch="False" />
            <line number="27" hits="4" branch="False" />
            <line number="28" hits="4" branch="False" />
            <line number="29" hits="4" branch="False" />
          </lines>
        </class>
        <class name="PingBoard.Database.Utilities.DatabaseConstants" filename="Database\Utilities\DatabaseConstants.cs" line-rate="1" branch-rate="1" complexity="1">
          <methods>
            <method name=".ctor" signature="()" line-rate="1" branch-rate="1" complexity="1">
              <lines>
                <line number="5" hits="50" branch="False" />
                <line number="6" hits="50" branch="False" />
                <line number="7" hits="50" branch="False" />
              </lines>
            </method>
          </methods>
          <lines>
            <line number="5" hits="50" branch="False" />
            <line number="6" hits="50" branch="False" />
            <line number="7" hits="50" branch="False" />
          </lines>
        </class>
        <class name="PingBoard.Database.Utilities.DatabaseHelper" filename="Database\Utilities\DatabaseHelper.cs" line-rate="0.9756" branch-rate="0.9375" complexity="18">
          <methods>
            <method name="InitializeDatabase" signature="()" line-rate="1" branch-rate="1" complexity="1">
              <lines>
                <line number="31" hits="25" branch="False" />
                <line number="33" hits="25" branch="False" />
                <line number="34" hits="25" branch="False" />
                <line number="37" hits="25" branch="False" />
                <line number="38" hits="25" branch="False" />
                <line number="39" hits="25" branch="False" />
                <line number="43" hits="25" branch="False" />
                <line number="44" hits="25" branch="False" />
                <line number="45" hits="25" branch="False" />
                <line number="48" hits="25" branch="False" />
                <line number="49" hits="25" branch="False" />
                <line number="50" hits="25" branch="False" />
                <line number="51" hits="50" branch="False" />
              </lines>
            </method>
            <method name="InsertPingGroupSummary" signature="(PingBoard.Database.Models.PingGroupSummary)" line-rate="1" branch-rate="1" complexity="8">
              <lines>
                <line number="54" hits="25" branch="False" />
                <line number="55" hits="25" branch="False" />
                <line number="56" hits="25" branch="False" />
                <line number="57" hits="25" branch="False" />
                <line number="58" hits="25" branch="False" />
                <line number="59" hits="25" branch="False" />
                <line number="60" hits="25" branch="False" />
                <line number="61" hits="25" branch="False" />
                <line number="62" hits="25" branch="False" />
                <line number="63" hits="25" branch="False" />
                <line number="64" hits="25" branch="False" />
                <line number="65" hits="25" branch="True" condition-coverage="100% (4/4)">
                  <conditions>
                    <condition number="314" type="jump" coverage="100%" />
                    <condition number="341" type="jump" coverage="100%" />
                  </conditions>
                </line>
                <line number="66" hits="25" branch="False" />
                <line number="67" hits="25" branch="True" condition-coverage="100% (4/4)">
                  <conditions>
                    <condition number="382" type="jump" coverage="100%" />
                    <condition number="409" type="jump" coverage="100%" />
                  </conditions>
                </line>
                <line number="68" hits="25" branch="False" />
                <line number="69" hits="25" branch="False" />
                <line number="70" hits="25" branch="False" />
                <line number="71" hits="25" branch="False" />
                <line number="72" hits="25" branch="False" />
                <line number="73" hits="25" branch="False" />
                <line number="74" hits="25" branch="False" />
              </lines>
            </method>
            <method name="RetrievePingGroupSummaryById" signature="(System.Int32)" line-rate="0.8" branch-rate="0.5" complexity="2">
              <lines>
                <line number="78" hits="25" branch="False" />
                <line number="79" hits="25" branch="False" />
                <line number="80" hits="25" branch="False" />
                <line number="81" hits="25" branch="False" />
                <line number="82" hits="25" branch="False" />
                <line number="83" hits="25" branch="True" condition-coverage="50% (1/2)">
                  <conditions>
                    <condition number="58" type="jump" coverage="50%" />
                  </conditions>
                </line>
                <line number="84" hits="0" branch="False" />
                <line number="85" hits="0" branch="False" />
                <line number="88" hits="25" branch="False" />
                <line number="89" hits="25" branch="False" />
              </lines>
            </method>
            <method name="ReadPingGroupSummariesFromReader" signature="(Microsoft.Data.Sqlite.SqliteDataReader)" line-rate="1" branch-rate="1" complexity="6">
              <lines>
                <line number="92" hits="25" branch="False" />
                <line number="93" hits="25" branch="False" />
                <line number="94" hits="50" branch="True" condition-coverage="100% (2/2)">
                  <conditions>
                    <condition number="539" type="jump" coverage="100%" />
                  </conditions>
                </line>
                <line number="95" hits="25" branch="False" />
                <line number="96" hits="25" branch="False" />
                <line number="97" hits="25" branch="False" />
                <line number="98" hits="25" branch="False" />
                <line number="99" hits="25" branch="False" />
                <line number="100" hits="25" branch="False" />
                <line number="101" hits="25" branch="False" />
                <line number="102" hits="25" branch="False" />
                <line number="103" hits="25" branch="False" />
                <line number="104" hits="25" branch="False" />
                <line number="106" hits="25" branch="False" />
                <line number="107" hits="25" branch="True" condition-coverage="100% (2/2)">
                  <conditions>
                    <condition number="277" type="jump" coverage="100%" />
                  </conditions>
                </line>
                <line number="108" hits="25" branch="False" />
                <line number="109" hits="25" branch="False" />
                <line number="111" hits="25" branch="False" />
                <line number="112" hits="25" branch="True" condition-coverage="100% (2/2)">
                  <conditions>
                    <condition number="332" type="jump" coverage="100%" />
                  </conditions>
                </line>
                <line number="113" hits="25" branch="False" />
                <line number="114" hits="25" branch="False" />
                <line number="116" hits="25" branch="False" />
                <line number="117" hits="25" branch="False" />
                <line number="118" hits="25" branch="False" />
                <line number="119" hits="25" branch="False" />
                <line number="120" hits="25" branch="False" />
                <line number="121" hits="25" branch="False" />
                <line number="122" hits="25" branch="False" />
                <line number="124" hits="25" branch="False" />
                <line number="125" hits="25" branch="False" />
              </lines>
            </method>
            <method name=".ctor" signature="(PingBoard.Database.Utilities.DatabaseStatementsGenerator,PingBoard.Database.Utilities.DatabaseConstants,PingBoard.Pinging.PingQualification)" line-rate="1" branch-rate="1" complexity="1">
              <lines>
                <line number="22" hits="25" branch="False" />
                <line number="23" hits="50" branch="False" />
                <line number="24" hits="25" branch="False" />
                <line number="25" hits="25" branch="False" />
                <line number="26" hits="25" branch="False" />
                <line number="27" hits="25" branch="False" />
                <line number="28" hits="25" branch="False" />
                <line number="29" hits="25" branch="False" />
              </lines>
            </method>
          </methods>
          <lines>
            <line number="31" hits="25" branch="False" />
            <line number="33" hits="25" branch="False" />
            <line number="34" hits="25" branch="False" />
            <line number="37" hits="25" branch="False" />
            <line number="38" hits="25" branch="False" />
            <line number="39" hits="25" branch="False" />
            <line number="43" hits="25" branch="False" />
            <line number="44" hits="25" branch="False" />
            <line number="45" hits="25" branch="False" />
            <line number="48" hits="25" branch="False" />
            <line number="49" hits="25" branch="False" />
            <line number="50" hits="25" branch="False" />
            <line number="51" hits="50" branch="False" />
            <line number="54" hits="25" branch="False" />
            <line number="55" hits="25" branch="False" />
            <line number="56" hits="25" branch="False" />
            <line number="57" hits="25" branch="False" />
            <line number="58" hits="25" branch="False" />
            <line number="59" hits="25" branch="False" />
            <line number="60" hits="25" branch="False" />
            <line number="61" hits="25" branch="False" />
            <line number="62" hits="25" branch="False" />
            <line number="63" hits="25" branch="False" />
            <line number="64" hits="25" branch="False" />
            <line number="65" hits="25" branch="True" condition-coverage="100% (4/4)">
              <conditions>
                <condition number="314" type="jump" coverage="100%" />
                <condition number="341" type="jump" coverage="100%" />
              </conditions>
            </line>
            <line number="66" hits="25" branch="False" />
            <line number="67" hits="25" branch="True" condition-coverage="100% (4/4)">
              <conditions>
                <condition number="382" type="jump" coverage="100%" />
                <condition number="409" type="jump" coverage="100%" />
              </conditions>
            </line>
            <line number="68" hits="25" branch="False" />
            <line number="69" hits="25" branch="False" />
            <line number="70" hits="25" branch="False" />
            <line number="71" hits="25" branch="False" />
            <line number="72" hits="25" branch="False" />
            <line number="73" hits="25" branch="False" />
            <line number="74" hits="25" branch="False" />
            <line number="78" hits="25" branch="False" />
            <line number="79" hits="25" branch="False" />
            <line number="80" hits="25" branch="False" />
            <line number="81" hits="25" branch="False" />
            <line number="82" hits="25" branch="False" />
            <line number="83" hits="25" branch="True" condition-coverage="50% (1/2)">
              <conditions>
                <condition number="58" type="jump" coverage="50%" />
              </conditions>
            </line>
            <line number="84" hits="0" branch="False" />
            <line number="85" hits="0" branch="False" />
            <line number="88" hits="25" branch="False" />
            <line number="89" hits="25" branch="False" />
            <line number="92" hits="25" branch="False" />
            <line number="93" hits="25" branch="False" />
            <line number="94" hits="50" branch="True" condition-coverage="100% (2/2)">
              <conditions>
                <condition number="539" type="jump" coverage="100%" />
              </conditions>
            </line>
            <line number="95" hits="25" branch="False" />
            <line number="96" hits="25" branch="False" />
            <line number="97" hits="25" branch="False" />
            <line number="98" hits="25" branch="False" />
            <line number="99" hits="25" branch="False" />
            <line number="100" hits="25" branch="False" />
            <line number="101" hits="25" branch="False" />
            <line number="102" hits="25" branch="False" />
            <line number="103" hits="25" branch="False" />
            <line number="104" hits="25" branch="False" />
            <line number="106" hits="25" branch="False" />
[...]
                <line number="148" hits="41" branch="True" condition-coverage="100% (2/2)">
                  <conditions>
                    <condition number="87" type="jump" coverage="100%" />
                  </conditions>
                </line>
                <line number="149" hits="11" branch="False" />
                <line number="150" hits="11" branch="False" />
                <line number="152" hits="4" branch="False" />
                <line number="153" hits="4" branch="False" />
                <line number="154" hits="53" branch="False" />
              </lines>
            </method>
            <method name="CalculateAveragePing" signature="(PingBoard.Database.Models.PingGroupSummary)" line-rate="1" branch-rate="1" complexity="2">
              <lines>
                <line number="166" hits="56" branch="False" />
                <line number="168" hits="56" branch="False" />
                <line number="169" hits="90" branch="True" condition-coverage="100% (2/2)">
                  <conditions>
                    <condition number="21" type="jump" coverage="100%" />
                  </conditions>
                </line>
                <line number="170" hits="34" branch="False" />
                <line number="173" hits="22" branch="False" />
                <line number="175" hits="56" branch="False" />
              </lines>
            </method>
            <method name="CalculatePacketLoss" signature="(System.Int32,System.Int32)" line-rate="1" branch-rate="1" complexity="2">
              <lines>
                <line number="183" hits="53" branch="False" />
                <line number="184" hits="88" branch="True" condition-coverage="100% (2/2)">
                  <conditions>
                    <condition number="7" type="jump" coverage="100%" />
                  </conditions>
                </line>
                <line number="185" hits="35" branch="False" />
                <line number="188" hits="18" branch="False" />
                <line number="189" hits="18" branch="False" />
                <line number="190" hits="53" branch="False" />
              </lines>
            </method>
            <method name="SetIfMaxPing" signature="(PingBoard.Database.Models.PingGroupSummary,System.Int16)" line-rate="1" branch-rate="1" complexity="2">
              <lines>
                <line number="198" hits="23" branch="False" />
                <line number="199" hits="41" branch="True" condition-coverage="100% (2/2)">
                  <conditions>
                    <condition number="12" type="jump" coverage="100%" />
                  </conditions>
                </line>
                <line number="200" hits="18" branch="False" />
                <line number="201" hits="18" branch="False" />
                <line number="202" hits="23" branch="False" />
              </lines>
            </method>
            <method name="SetIfMinPing" signature="(PingBoard.Database.Models.PingGroupSummary,System.Int16)" line-rate="1" branch-rate="1" complexity="2">
              <lines>
                <line number="210" hits="23" branch="False" />
                <line number="211" hits="43" branch="True" condition-coverage="100% (2/2)">
                  <conditions>
                    <condition number="12" type="jump" coverage="100%" />
                  </conditions>
                </line>
                <line number="212" hits="20" branch="False" />
                <line number="213" hits="20" branch="False" />
                <line number="214" hits="23" branch="False" />
              </lines>
            </method>
            <method name="ResetMinMaxPingsIfUnused" signature="(PingBoard.Database.Models.PingGroupSummary)" line-rate="1" branch-rate="1" complexity="6">
              <lines>
                <line number="222" hits="50" branch="False" />
                <line number="223" hits="66" branch="True" condition-coverage="100% (6/6)">
                  <conditions>
                    <condition number="2" type="jump" coverage="100%" />
                    <condition number="15" type="jump" coverage="100%" />
                    <condition number="38" type="jump" coverage="100%" />
                  </conditions>
                </line>
                <line number="224" hits="34" branch="False" />
                <line number="225" hits="34" branch="False" />
                <line number="226" hits="50" branch="False" />
              </lines>
            </method>
          </methods>
          <lines>
            <line number="15" hits="160" branch="False" />
            <line number="20" hits="200" branch="False" />
            <line number="25" hits="225" branch="False" />
            <line number="30" hits="403" branch="False" />
            <line number="35" hits="444" branch="False" />
            <line number="40" hits="385" branch="False" />
            <line number="45" hits="256" branch="False" />
            <line number="50" hits="316" branch="False" />
            <line number="56" hits="195" branch="False" />
            <line number="61" hits="233" branch="False" />
            <line number="66" hits="444" branch="False" />
            <line number="71" hits="533" branch="False" />
            <line number="76" hits="336" branch="False" />
            <line number="85" hits="477" branch="False" />
            <line number="91" hits="113" branch="False" />
            <line number="100" hits="60" branch="False" />
            <line number="101" hits="60" branch="False" />
            <line number="102" hits="60" branch="False" />
            <line number="103" hits="60" branch="False" />
            <line number="104" hits="60" branch="False" />
            <line number="105" hits="60" branch="False" />
            <line number="106" hits="60" branch="False" />
            <line number="107" hits="60" branch="False" />
            <line number="108" hits="60" branch="False" />
            <line number="109" hits="60" branch="False" />
            <line number="110" hits="60" branch="False" />
            <line number="111" hits="60" branch="False" />
            <line number="112" hits="60" branch="False" />
            <line number="113" hits="60" branch="False" />
            <line number="114" hits="60" branch="False" />
            <line number="142" hits="53" branch="False" />
            <line number="143" hits="102" branch="True" condition-coverage="100% (2/2)">
              <conditions>
                <condition number="15" type="jump" coverage="100%" />
              </conditions>
            </line>
            <line number="144" hits="49" branch="False" />
            <line number="147" hits="4" branch="False" />
            <line number="148" hits="41" branch="True" condition-coverage="100% (2/2)">
              <conditions>
                <condition number="87" type="jump" coverage="100%" />
              </conditions>
            </line>
            <line number="149" hits="11" branch="False" />
            <line number="150" hits="11" branch="False" />
            <line number="152" hits="4" branch="False" />
            <line number="153" hits="4" branch="False" />
            <line number="154" hits="53" branch="False" />
            <line number="166" hits="56" branch="False" />
            <line number="168" hits="56" branch="False" />
            <line number="169" hits="90" branch="True" condition-coverage="100% (2/2)">
              <conditions>
                <condition number="21" type="jump" coverage="100%" />
              </conditions>
            </line>
            <line number="170" hits="34" branch="False" />
            <line number="173" hits="22" branch="False" />
            <line number="175" hits="56" branch="False" />
            <line number="183" hits="53" branch="False" />
            <line number="184" hits="88" branch="True" condition-coverage="100% (2/2)">
              <conditions>
                <condition number="7" type="jump" coverage="100%" />
              </conditions>
            </line>
            <line number="185" hits="35" branch="False" />
            <line number="188" hits="18" branch="False" />
            <line number="189" hits="18" branch="False" />
            <line number="190" hits="53" branch="False" />
            <line number="198" hits="23" branch="False" />
            <line number="199" hits="41" branch="True" condition-coverage="100% (2/2)">
              <conditions>
                <condition number="12" type="jump" coverage="100%" />
              </conditions>
            </line>
            <line number="200" hits="18" branch="False" />
            <line number="201" hits="18" branch="False" />
            <line number="202" hits="23" branch="False" />
            <line number="210" hits="23" branch="False" />
            <line number="211" hits="43" branch="True" condition-coverage="100% (2/2)">
              <conditions>
                <condition number="12" type="jump" coverage="100%" />
              </conditions>
            </line>
            <line number="212" hits="20" branch="False" />
            <line number="213" hits="20" branch="False" />
            <line number="214" hits="23" branch="False" />
            <line number="222" hits="50" branch="False" />
            <line number="223" hits="66" branch="True" condition-coverage="100% (6/6)">
              <conditions>
                <condition number="2" type="jump" coverage="100%" />
                <condition number="15" type="jump" coverage="100%" />
                <condition number="38" type="jump" coverage="100%" />
              </conditions>
            </line>
            <line number="224" hits="34" branch="False" />
            <line number="225" hits="34" branch="False" />
            <line number="226" hits="50" branch="False" />
          </lines>
        </class>
        <class name="PingBoard.Database.Models.PingGroupSummaryPublic" filename="Database\Models\PingGroupSummaryPublic.cs" line-rate="0" branch-rate="1" complexity="10">
          <methods>
            <method name="get_Start" signature="()" line-rate="0" branch-rate="1" complexity="1">
              <lines>
                <line number="13" hits="0" branch="False" />
              </lines>
            </method>
            <method name="get_End" signature="()" line-rate="0" branch-rate="1" complexity="1">
              <lines>
                <line number="18" hits="0" branch="False" />
              </lines>
            </method>
            <method name="get_Target" signature="()" line-rate="0" branch-rate="1" complexity="1">
              <lines>
                <line number="23" hits="0" branch="False" />
              </lines>
            </method>
            <method name="get_MinimumPing" signature="()" line-rate="0" branch-rate="1" complexity="1">
              <lines>
                <line number="28" hits="0" branch="False" />
              </lines>
            </method>
            <method name="get_AveragePing" signature="()" line-rate="0" branch-rate="1" complexity="1">
              <lines>
                <line number="33" hits="0" branch="False" />
              </lines>
            </method>
            <method name="get_MaximumPing" signature="()" line-rate="0" branch-rate="1" complexity="1">
              <lines>
                <line number="38" hits="0" branch="False" />
              </lines>
            </method>
            <method name="get_Jitter" signature="()" line-rate="0" branch-rate="1" complexity="1">
              <lines>
                <line number="43" hits="0" branch="False" />
              </lines>
            </method>
            <method name="get_PacketLoss" signature="()" line-rate="0" branch-rate="1" complexity="1">
              <lines>
                <line number="48" hits="0" branch="False" />
              </lines>
            </method>
            <method name="get_ConsecutiveTimeouts" signature="()" line-rate="0" branch-rate="1" complexity="1">
              <lines>
                <line number="53" hits="0" branch="False" />
              </lines>
            </method>
            <method name="Empty" signature="()" line-rate="0" branch-rate="1" complexity="1">
              <lines>
                <line number="63" hits="0" branch="False" />
                <line number="64" hits="0" branch="False" />
                <line number="65" hits="0" branch="False" />
                <line number="66" hits="0" branch="False" />
                <line number="67" hits="0" branch="False" />
                <line number="68" hits="0" branch="False" />
                <line number="69" hits="0" branch="False" />
                <line number="70" hits="0" branch="False" />
                <line number="71" hits="0" branch="False" />
                <line number="72" hits="0" branch="False" />
                <line number="73" hits="0" branch="False" />
                <line number="74" hits="0" branch="False" />
              </lines>
            </method>
          </methods>
          <lines>
            <line number="13" hits="0" branch="False" />
            <line number="18" hits="0" branch="False" />
            <line number="23" hits="0" branch="False" />
            <line number="28" hits="0" branch="False" />
            <line number="33" hits="0" branch="False" />
            <line number="38" hits="0" branch="False" />
            <line number="43" hits="0" branch="False" />
            <line number="48" hits="0" branch="False" />
            <line number="53" hits="0" branch="False" />
            <line number="63" hits="0" branch="False" />
            <line number="64" hits="0" branch="False" />
            <line number="65" hits="0" branch="False" />
            <line number="66" hits="0" branch="False" />
            <line number="67" hits="0" branch="False" />
            <line number="68" hits="0" branch="False" />
            <line number="69" hits="0" branch="False" />
            <line number="70" hits="0" branch="False" />
            <line number="71" hits="0" branch="False" />
            <line number="72" hits="0" branch="False" />
            <line number="73" hits="0" branch="False" />
            <line number="74" hits="0" branch="False" />
          </lines>
        </class>
        <class name="PingBoard.Controllers.PingingController" filename="Controllers\PingingController.cs" line-rate="0" branch-rate="0" complexity="5">
          <methods>
            <method name="StartPinging" signature="(System.String)" line-rate="0" branch-rate="0" complexity="2">
              <lines>
                <line number="21" hits="0" branch="False" />
                <line number="23" hits="0" branch="False" />
                <line number="24" hits="0" branch="True" condition-coverage="0% (0/2)">
                  <conditions>
                    <condition number="14" type="jump" coverage="0%" />
                  </conditions>
                </line>
                <line number="25" hits="0" branch="False" />
                <line number="26" hits="0" branch="False" />
                <line number="27" hits="0" branch="False" />
                <line number="30" hits="0" branch="False" />
                <line number="31" hits="0" branch="False" />
                <line number="33" hits="0" branch="False" />
                <line number="36" hits="0" branch="False" />
                <line number="37" hits="0" branch="False" />
                <line number="38" hits="0" branch="False" />
                <line number="39" hits="0" branch="False" />
                <line number="41" hits="0" branch="False" />
              </lines>
            </method>
            <method name="StopPinging" signature="()" line-rate="0" branch-rate="0" complexity="2">
              <lines>
                <line number="45" hits="0" branch="False" />
                <line number="47" hits="0" branch="False" />
                <line number="48" hits="0" branch="True" condition-coverage="0% (0/2)">
                  <conditions>
                    <condition number="17" type="jump" coverage="0%" />
                  </conditions>
                </line>
                <line number="49" hits="0" branch="False" />
                <line number="50" hits="0" branch="False" />
                <line number="51" hits="0" branch="False" />
                <line number="54" hits="0" branch="False" />
                <line number="55" hits="0" branch="False" />
                <line number="56" hits="0" branch="False" />
                <line number="59" hits="0" branch="False" />
                <line number="60" hits="0" branch="False" />
                <line number="61" hits="0" branch="False" />
                <line number="62" hits="0" branch="False" />
                <line number="63" hits="0" branch="False" />
                <line number="65" hits="0" branch="False" />
              </lines>
            </method>
            <method name=".ctor" signature="(PingBoard.Services.PingMonitoringJobManager,Microsoft.Extensions.Logging.ILogger`1&lt;PingBoard.Controllers.PingingController&gt;)" line-rate="0" branch-rate="1" complexity="1">
              <lines>
                <line number="12" hits="0" branch="False" />
                <line number="13" hits="0" branch="False" />
                <line number="14" hits="0" branch="False" />
                <line number="15" hits="0" branch="False" />
                <line number="16" hits="0" branch="False" />
              </lines>
            </method>
          </methods>
          <lines>
            <line number="21" hits="0" branch="False" />
            <line number="23" hits="0" branch="False" />
            <line number="24" hits="0" branch="True" condition-coverage="0% (0/2)">
              <conditions>
                <condition number="14" type="jump" coverage="0%" />
              </conditions>
            </line>
            <line number="25" hits="0" branch="False" />
            <line number="26" hits="0" branch="False" />
            <line number="27" hits="0" branch="False" />
            <line number="30" hits="0" branch="False" />
            <line number="31" hits="0" branch="False" />
            <line number="33" hits="0" branch="False" />
            <line number="36" hits="0" branch="False" />
            <line number="37" hits="0" branch="False" />
            <line number="38" hits="0" branch="False" />
            <line number="39" hits="0" branch="False" />
            <line number="41" hits="0" branch="False" />
            <line number="45" hits="0" branch="False" />
            <line number="47" hits="0" branch="False" />
            <line number="48" hits="0" branch="True" condition-coverage="0% (0/2)">
              <conditions>
                <condition number="17" type="jump" coverage="0%" />
              </conditions>
            </line>
            <line number="49" hits="0" branch="False" />
            <line number="50" hits="0" branch="False" />
            <line number="51" hits="0" branch="False" />
            <line number="54" hits="0" branch="False" />
            <line number="55" hits="0" branch="False" />
            <line number="56" hits="0" branch="False" />
            <line number="59" hits="0" branch="False" />
            <line number="60" hits="0" branch="False" />
            <line number="61" hits="0" branch="False" />
            <line number="62" hits="0" branch="False" />
            <line number="63" hits="0" branch="False" />
            <line number="65" hits="0" branch="False" />
            <line number="12" hits="0" branch="False" />
            <line number="13" hits="0" branch="False" />
            <line number="14" hits="0" branch="False" />
            <line number="15" hits="0" branch="False" />
            <line number="16" hits="0" branch="False" />
          </lines>
        </class>
      </classes>
    </package>
  </packages>
</coverage>